[debug] [2023-06-04T07:45:25.108Z] ----------------------------------------------------------------------
[debug] [2023-06-04T07:45:25.112Z] Command:       C:\Program Files\nodejs\node.exe C:\Users\Aman Choudhary\AppData\Roaming\npm\node_modules\firebase-tools\lib\bin\firebase.js init
[debug] [2023-06-04T07:45:25.112Z] CLI Version:   12.3.0
[debug] [2023-06-04T07:45:25.113Z] Platform:      win32
[debug] [2023-06-04T07:45:25.113Z] Node Version:  v18.6.0
[debug] [2023-06-04T07:45:25.115Z] Time:          Sun Jun 04 2023 13:15:25 GMT+0530 (India Standard Time)
[debug] [2023-06-04T07:45:25.115Z] ----------------------------------------------------------------------
[debug] 
[debug] [2023-06-04T07:45:25.132Z] > command requires scopes: ["email","openid","https://www.googleapis.com/auth/cloudplatformprojects.readonly","https://www.googleapis.com/auth/firebase","https://www.googleapis.com/auth/cloud-platform"]
[debug] [2023-06-04T07:45:25.133Z] > authorizing via signed-in user (amanchoudhary032@gmail.com)
[info] 
     ######## #### ########  ######## ########     ###     ######  ########
     ##        ##  ##     ## ##       ##     ##  ##   ##  ##       ##
     ######    ##  ########  ######   ########  #########  ######  ######
     ##        ##  ##    ##  ##       ##     ## ##     ##       ## ##
     ##       #### ##     ## ######## ########  ##     ##  ######  ########

You're about to initialize a Firebase project in this directory:

  C:\Users\Aman Choudhary\OneDrive\Documents\react related\twitter-clone

[info] 
=== Project Setup
[info] 
[info] First, let's associate this project directory with a Firebase project.
[info] You can create multiple project aliases by running firebase use --add, 
[info] but for now we'll just set up a default project.
[info] 
[debug] [2023-06-04T07:45:43.239Z] >>> [apiv2][query] GET https://firebase.googleapis.com/v1beta1/projects pageSize=100
[debug] [2023-06-04T07:45:44.987Z] <<< [apiv2][status] GET https://firebase.googleapis.com/v1beta1/projects 200
[debug] [2023-06-04T07:45:44.988Z] <<< [apiv2][body] GET https://firebase.googleapis.com/v1beta1/projects [omitted]
[info] i  Using project twitter-clone-4e3eb (twitter-clone) 
[info] 
=== Hosting Setup
[info] 
[info] Your public directory is the folder (relative to your project directory) that
[info] will contain Hosting assets to be uploaded with firebase deploy. If you
[info] have a build process for your assets, use your build's output directory.
[info] 
[debug] [2023-06-04T07:48:34.021Z] >>> [apiv2][query] GET https://www.gstatic.com/firebasejs/releases.json [none]
[debug] [2023-06-04T07:48:34.944Z] <<< [apiv2][status] GET https://www.gstatic.com/firebasejs/releases.json 200
[debug] [2023-06-04T07:48:34.945Z] <<< [apiv2][body] GET https://www.gstatic.com/firebasejs/releases.json {"current":{"version":"9.22.1","browserURL":"https://www.gstatic.com/firebasejs/9.22.1/firebase.js","packageURL":"https://www.gstatic.com/firebasejs/9.22.1/firebase.tgz"},"live":{"version":"9.22","browserURL":"https://www.gstatic.com/firebasejs/live/9.22/firebase.js","packageURL":"https://www.gstatic.com/firebasejs/live/9.22/firebase.tgz"},"components":{"analytics":"https://www.gstatic.com/firebasejs/9.22.1/firebase-analytics.js","app":"https://www.gstatic.com/firebasejs/9.22.1/firebase-app.js","app-check":"https://www.gstatic.com/firebasejs/9.22.1/firebase-app-check.js","auth":"https://www.gstatic.com/firebasejs/9.22.1/firebase-auth.js","auth/cordova":"https://www.gstatic.com/firebasejs/9.22.1/firebase-auth/cordova.js","auth/react-native":"https://www.gstatic.com/firebasejs/9.22.1/firebase-auth/react-native.js","functions":"https://www.gstatic.com/firebasejs/9.22.1/firebase-functions.js","firestore":"https://www.gstatic.com/firebasejs/9.22.1/firebase-firestore.js","firestore/lite":"https://www.gstatic.com/firebasejs/9.22.1/firebase-firestore/lite.js","installations":"https://www.gstatic.com/firebasejs/9.22.1/firebase-installations.js","storage":"https://www.gstatic.com/firebasejs/9.22.1/firebase-storage.js","performance":"https://www.gstatic.com/firebasejs/9.22.1/firebase-performance.js","remote-config":"https://www.gstatic.com/firebasejs/9.22.1/firebase-remote-config.js","messaging":"https://www.gstatic.com/firebasejs/9.22.1/firebase-messaging.js","messaging/sw":"https://www.gstatic.com/firebasejs/9.22.1/firebase-messaging/sw.js","database":"https://www.gstatic.com/firebasejs/9.22.1/firebase-database.js","firestore.memory":"https://www.gstatic.com/firebasejs/9.22.1/firebase-firestore.memory.js"}}
[info] +  Wrote build/index.html 
[info] 
[info] i  Detected a .git folder at C:\Users\Aman Choudhary\OneDrive\Documents\react related\twitter-clone 
[info] i  Authorizing with GitHub to upload your service account to a GitHub repository's secrets store. 
[info] 
[info] Visit this URL on this device to log in:
[info] https://github.com/login/oauth/authorize?client_id=89cf50f02ac6aaed3484&state=397798193&redirect_uri=http%3A%2F%2Flocalhost%3A9005&scope=read%3Auser%20repo%20public_repo
[info] 
[info] Waiting for authentication...
[debug] [2023-06-04T07:49:02.985Z] >>> [apiv2][query] POST https://github.com/login/oauth/access_token [none]
[debug] [2023-06-04T07:49:02.986Z] >>> [apiv2][body] POST https://github.com/login/oauth/access_token [stream]
[debug] [2023-06-04T07:49:03.733Z] <<< [apiv2][status] POST https://github.com/login/oauth/access_token 200
[debug] [2023-06-04T07:49:03.734Z] <<< [apiv2][body] POST https://github.com/login/oauth/access_token {"access_token":"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","token_type":"bearer","scope":"read:user,repo"}
[debug] [2023-06-04T07:49:03.764Z] >>> [apiv2][query] GET https://api.github.com/user [none]
[debug] [2023-06-04T07:49:04.739Z] <<< [apiv2][status] GET https://api.github.com/user 200
[debug] [2023-06-04T07:49:04.740Z] <<< [apiv2][body] GET https://api.github.com/user {"login":"amanchoudhary8","id":59244443,"node_id":"MDQ6VXNlcjU5MjQ0NDQz","avatar_url":"https://avatars.githubusercontent.com/u/59244443?v=4","gravatar_id":"","url":"https://api.github.com/users/amanchoudhary8","html_url":"https://github.com/amanchoudhary8","followers_url":"https://api.github.com/users/amanchoudhary8/followers","following_url":"https://api.github.com/users/amanchoudhary8/following{/other_user}","gists_url":"https://api.github.com/users/amanchoudhary8/gists{/gist_id}","starred_url":"https://api.github.com/users/amanchoudhary8/starred{/owner}{/repo}","subscriptions_url":"https://api.github.com/users/amanchoudhary8/subscriptions","organizations_url":"https://api.github.com/users/amanchoudhary8/orgs","repos_url":"https://api.github.com/users/amanchoudhary8/repos","events_url":"https://api.github.com/users/amanchoudhary8/events{/privacy}","received_events_url":"https://api.github.com/users/amanchoudhary8/received_events","type":"User","site_admin":false,"name":"Aman Choudhary","company":null,"blog":"","location":null,"email":null,"hireable":null,"bio":null,"twitter_username":null,"public_repos":11,"public_gists":0,"followers":0,"following":6,"created_at":"2019-12-26T05:52:25Z","updated_at":"2023-04-02T13:16:34Z","private_gists":0,"total_private_repos":3,"owned_private_repos":3,"disk_usage":280361,"collaborators":0,"two_factor_authentication":false,"plan":{"name":"free","space":976562499,"collaborators":0,"private_repos":10000}}
[info] 
[info] +  Success! Logged into GitHub as amanchoudhary8 
[info] 
